<?xml version="1.0" encoding="UTF-8"?>
<testsuite name="testrunner.EmployeeTestRunner" tests="1" skipped="0" failures="0" errors="0" timestamp="2022-12-13T09:36:46" hostname="DESKTOP-9OQ3O6E" time="31.966">
  <properties/>
  <testcase name="createEmployee" classname="testrunner.EmployeeTestRunner" time="31.966"/>
  <system-out><![CDATA[Saved data
]]></system-out>
  <system-err><![CDATA[]]></system-err>
</testsuite>
